-----------------------------------------------------------------------------

Input image     : Science_Output/NGC_4623_r_cutout.fits[1:1145,1:1145] 
Init. par. file : galfit_single_withpsf.feedme 
Restart file    : galfit.01 
Output image    : Science_Output/NGC_4623_withpsf_single.fits 

 sersic    : (  571.75,   571.78)   11.95     98.88    2.37    0.34    -3.76
             (    0.01,     0.03)    0.00      0.25    0.00    0.00     0.03
 sky       : [573.00, 573.00]  0.00e+00  [0.00e+00]  [0.00e+00]
                                2.12e-05  [0.00e+00]  [0.00e+00]
 Chi^2 = 16202785.62709,  ndof = 1311017
 Chi^2/nu = 12.359 

-----------------------------------------------------------------------------
-----------------------------------------------------------------------------

Input image     : Science_Output/NGC_4623_r_cutout.fits[1:1145,1:1145] 
Init. par. file : galfit_withpsf_edgedisk.feedme 
Restart file    : galfit.02 
Output image    : Science_Output/NGC_4623_galfit_withpsf_edgedisk.fits 

 sersic    : (  572.00,   573.62)   14.91     74.02  *20.00*   0.54    11.80
             (   28.59,    31.47)   86.15  21842.43 *1781.28*  14.24  1115.70
 edgedisk  : (  571.76,   573.87)   12.88     19.57   97.86    85.16
             (    0.11,     0.02)    0.00      0.03    0.12     0.01
 sky       : [573.00, 573.00]  -6.01e-03  [0.00e+00]  [0.00e+00]
                                1.67e-02  [0.00e+00]  [0.00e+00]
 Chi^2 = 10155297975705.70508,  ndof = 1311011
 Chi^2/nu = 7746157.718 

-----------------------------------------------------------------------------
-----------------------------------------------------------------------------

Input image     : Science_Output/NGC_4623_r_cutout.fits[1:1145,1:1145] 
Init. par. file : galfit_withpsf_edgedisk.feedme 
Restart file    : galfit.03 
Output image    : Science_Output/NGC_4623_galfit_withpsf_edgedisk.fits 

 sersic    : (  571.30,   572.33)   17.13    193.06  *20.00*   0.43    15.97
             (  158.11,   191.23)  565.39 355377.91 *9132.04*  49.19  4075.33
 edgedisk  : (  571.75,   573.90)   12.89     19.48   97.40    -3.76
             (    0.02,     0.12)    0.00      0.02    0.10     0.01
 sky       : [573.00, 573.00]  -9.42e-03  [0.00e+00]  [0.00e+00]
                                8.87e-03  [0.00e+00]  [0.00e+00]
 Chi^2 = 2826816881099.04541,  ndof = 1311011
 Chi^2/nu = 2156211.413 

-----------------------------------------------------------------------------
